/home/warren/myenv/lib/python3.12/site-packages/torch/__init__.py:1172: FutureWarning: `torch.distributed.reduce_op` is deprecated, please use `torch.distributed.ReduceOp` instead
  return isinstance(obj, torch.Tensor)
/home/warren/mem-and-storage/HW3/FlexLLMGen/flexllmgen/utils.py:132: UserWarning: TypedStorage is deprecated. It will be removed in the future and UntypedStorage will be the only storage class. This should only matter to you if you are using storages directly.  To access UntypedStorage directly, use tensor.untyped_storage() instead of tensor.storage()
  data_ptr = tensor.storage().data_ptr()
<run_flexllmgen>: args.model: facebook/opt-1.3b
model size: 2.443 GB, cache size: 0.105 GB, hidden size (prefill): 0.002 GB
init weight...
warmup - generate
benchmark - generate
Outputs:
----------------------------------------------------------------------
0: Paris is the capital city of France. It is the most populous city in France, with an estimated population of
----------------------------------------------------------------------
3: Paris is the capital city of France. It is the most populous city in France, with an estimated population of
----------------------------------------------------------------------

TorchDevice: cuda:0
  cur_mem: 1.3565 GB,  peak_mem: 1.7053 GB
TorchDevice: cpu
  cur_mem: 1.3173 GB,  peak_mem: 0.0000 GB
model size: 2.443 GB	cache size: 0.105 GB	hidden size (p): 0.002 GB
peak gpu mem: 1.705 GB	projected: False
prefill latency: 0.039 s	prefill throughput: 13251.232 token/s
decode latency: 0.630 s	decode throughput: 95.262 token/s
total latency: 0.668 s	total throughput: 95.739 token/s
