Warning: You are sending unauthenticated requests to the HF Hub. Please set a HF_TOKEN to enable higher rate limits and faster downloads.
/home/warren/myenv/lib/python3.12/site-packages/torch/__init__.py:1172: FutureWarning: `torch.distributed.reduce_op` is deprecated, please use `torch.distributed.ReduceOp` instead
  return isinstance(obj, torch.Tensor)
/home/warren/mem-and-storage/HW3/FlexLLMGen/flexllmgen/utils.py:132: UserWarning: TypedStorage is deprecated. It will be removed in the future and UntypedStorage will be the only storage class. This should only matter to you if you are using storages directly.  To access UntypedStorage directly, use tensor.untyped_storage() instead of tensor.storage()
  data_ptr = tensor.storage().data_ptr()
<run_flexllmgen>: args.model: facebook/opt-1.3b
model size: 2.443 GB, cache size: 0.105 GB, hidden size (prefill): 0.002 GB
init weight...
warmup - generate
benchmark - generate
Outputs:
----------------------------------------------------------------------
0: Paris is the capital city of France. It is the most populous city in France, with an estimated population of
----------------------------------------------------------------------
3: Paris is the capital city of France. It is the most populous city in France, with an estimated population of
----------------------------------------------------------------------

TorchDevice: cuda:0
  cur_mem: 0.0313 GB,  peak_mem: 0.6095 GB
TorchDevice: cpu
  cur_mem: 1.3252 GB,  peak_mem: 0.0000 GB
model size: 2.443 GB	cache size: 0.105 GB	hidden size (p): 0.002 GB
peak gpu mem: 0.610 GB	projected: False
prefill latency: 0.184 s	prefill throughput: 2782.148 token/s
decode latency: 2.901 s	decode throughput: 20.684 token/s
total latency: 3.085 s	total throughput: 20.747 token/s
