/home/warren/myenv/lib/python3.12/site-packages/torch/__init__.py:1172: FutureWarning: `torch.distributed.reduce_op` is deprecated, please use `torch.distributed.ReduceOp` instead
  return isinstance(obj, torch.Tensor)
<run_flexllmgen>: args.model: facebook/opt-1.3b
model size: 2.443 GB, cache size: 0.422 GB, hidden size (prefill): 0.009 GB
init weight...
warmup - generate
benchmark - generate
Outputs:
----------------------------------------------------------------------
0: Paris is the capital city of France. It is the most populous city in France, with an estimated population of
----------------------------------------------------------------------
15: Paris is the capital city of France. It is the most populous city in France, with an estimated population of
----------------------------------------------------------------------

TorchDevice: cuda:0
  cur_mem: 0.0313 GB,  peak_mem: 1.0724 GB
TorchDevice: cpu
  cur_mem: 0.0000 GB,  peak_mem: 0.0000 GB
model size: 2.443 GB	cache size: 0.422 GB	hidden size (p): 0.009 GB
peak gpu mem: 1.072 GB	projected: False
prefill latency: 0.261 s	prefill throughput: 7859.197 token/s
decode latency: 4.132 s	decode throughput: 58.080 token/s
total latency: 4.393 s	total throughput: 58.277 token/s
