Warning: You are sending unauthenticated requests to the HF Hub. Please set a HF_TOKEN to enable higher rate limits and faster downloads.
/home/warren/myenv/lib/python3.12/site-packages/torch/__init__.py:1172: FutureWarning: `torch.distributed.reduce_op` is deprecated, please use `torch.distributed.ReduceOp` instead
  return isinstance(obj, torch.Tensor)
<run_flexllmgen>: args.model: facebook/opt-1.3b
model size: 2.443 GB, cache size: 0.026 GB, hidden size (prefill): 0.001 GB
init weight...
warmup - generate
benchmark - generate
Outputs:
----------------------------------------------------------------------
0: Paris is the capital city of France. It is the most populous city in France, with an estimated population of
----------------------------------------------------------------------
0: Paris is the capital city of France. It is the most populous city in France, with an estimated population of
----------------------------------------------------------------------

TorchDevice: cuda:0
  cur_mem: 0.0313 GB,  peak_mem: 0.4925 GB
TorchDevice: cpu
  cur_mem: 0.0000 GB,  peak_mem: 0.0000 GB
model size: 2.443 GB	cache size: 0.026 GB	hidden size (p): 0.001 GB
peak gpu mem: 0.493 GB	projected: False
prefill latency: 0.272 s	prefill throughput: 470.465 token/s
decode latency: 4.158 s	decode throughput: 3.607 token/s
total latency: 4.430 s	total throughput: 3.611 token/s
